2018-04-20 12:56:24,608 - url must be specified.
java.lang.Exception: url must be specified.
	at com.netsuite.suiteapp.Account.validate(Account.java:107)
	at com.netsuite.suiteapp.Account.validate(Account.java:154)
	at com.netsuite.tools.SDF.getAccount(SDF.java:137)
	at com.netsuite.tools.SDF.execute(SDF.java:270)
	at com.netsuite.tools.SDF.main(SDF.java:86)
	at sun.reflect.NativeMethodAccessorImpl.invoke0(Native Method)
	at sun.reflect.NativeMethodAccessorImpl.invoke(NativeMethodAccessorImpl.java:62)
	at sun.reflect.DelegatingMethodAccessorImpl.invoke(DelegatingMethodAccessorImpl.java:43)
	at java.lang.reflect.Method.invoke(Method.java:498)
	at org.codehaus.mojo.exec.ExecJavaMojo$1.run(ExecJavaMojo.java:294)
	at java.lang.Thread.run(Thread.java:745)
2018-04-20 12:56:40,004 - url must be specified.
java.lang.Exception: url must be specified.
	at com.netsuite.suiteapp.Account.validate(Account.java:107)
	at com.netsuite.suiteapp.Account.validate(Account.java:154)
	at com.netsuite.tools.SDF.getAccount(SDF.java:137)
	at com.netsuite.tools.SDF.execute(SDF.java:270)
	at com.netsuite.tools.SDF.main(SDF.java:86)
	at sun.reflect.NativeMethodAccessorImpl.invoke0(Native Method)
	at sun.reflect.NativeMethodAccessorImpl.invoke(NativeMethodAccessorImpl.java:62)
	at sun.reflect.DelegatingMethodAccessorImpl.invoke(DelegatingMethodAccessorImpl.java:43)
	at java.lang.reflect.Method.invoke(Method.java:498)
	at org.codehaus.mojo.exec.ExecJavaMojo$1.run(ExecJavaMojo.java:294)
	at java.lang.Thread.run(Thread.java:745)
2018-04-20 12:57:33,518 - *** ERROR ***
2018-04-20 12:57:33,519 - 
2018-04-20 12:57:33,519 - A file upload error occurred.
2018-04-20 12:57:33,519 - Details: com.netledger.common.exceptions.NLUserError: Failed to validate script file: 
2018-04-20 12:57:33,519 - Invalid JSDoc tag value; valid values are: @NModuleScope SameAccount, TargetAccount, Public
2018-04-20 12:57:33,519 - 
2018-04-20 12:57:33,519 - File: ~/FileCabinet/SuiteScripts/CSOD_Payable_Automation/CSOD_MR_Create_Payables.js
2018-04-20 12:57:33,519 - 2018-04-20 12:57:33 (PST) Installation FAILED (0 minutes 1 second)
2018-05-11 10:07:28,151 - An option is expected here instead of "/Users/Chan/Documents/workspace/CSOD_Payable_Automation/".
com.netsuite.ide.exception.CliException: An option is expected here instead of "/Users/Chan/Documents/workspace/CSOD_Payable_Automation/".
	at com.netsuite.ide.core.cli.CliParser.parseArguments(CliParser.java:377)
	at com.netsuite.ide.core.cli.CliParser.getObjectInstance(CliParser.java:254)
	at com.netsuite.tools.SDF.execute(SDF.java:254)
	at com.netsuite.tools.SDF.main(SDF.java:86)
	at sun.reflect.NativeMethodAccessorImpl.invoke0(Native Method)
	at sun.reflect.NativeMethodAccessorImpl.invoke(NativeMethodAccessorImpl.java:62)
	at sun.reflect.DelegatingMethodAccessorImpl.invoke(DelegatingMethodAccessorImpl.java:43)
	at java.lang.reflect.Method.invoke(Method.java:498)
	at org.codehaus.mojo.exec.ExecJavaMojo$1.run(ExecJavaMojo.java:294)
	at java.lang.Thread.run(Thread.java:745)
